<?xml version="1.0" encoding="UTF-8"?>
<!-- Generated by org.testng.reporters.JUnitXMLReporter -->
<testsuite hostname="Sachins-MacBook-Air.local" ignored="0" name="CRM test cases" tests="8" failures="0" timestamp="05 Dec 2017 17:26:42 GMT" time="103.344" errors="0">
  <testcase name="verifyHomePageTitle" time="0.058" classname="com.crm.qa.testcases.HomePageTest"/>
  <testcase name="loginPageTitleTest" time="0.011" classname="com.crm.qa.testcases.LoginPageTest"/>
  <testcase name="verifyUserNamelabel" time="0.379" classname="com.crm.qa.testcases.HomePageTest"/>
  <testcase name="crmLogoImageTest" time="0.056" classname="com.crm.qa.testcases.LoginPageTest"/>
  <testcase name="verifyContactPage" time="1.732" classname="com.crm.qa.testcases.HomePageTest"/>
  <testcase name="loginTest" time="8.218" classname="com.crm.qa.testcases.LoginPageTest"/>
  <testcase name="verifyDealsPage" time="1.914" classname="com.crm.qa.testcases.HomePageTest"/>
  <testcase name="verifyTasksPage" time="1.574" classname="com.crm.qa.testcases.HomePageTest"/>
</testsuite> <!-- CRM test cases -->
