<?xml version="1.0" encoding="UTF-8"?>
<!-- Generated by org.testng.reporters.JUnitXMLReporter -->
<testsuite hostname="Sachins-MacBook-Air.local" ignored="0" name="Default test" tests="5" failures="0" timestamp="07 Nov 2017 08:35:16 GMT" time="79.957" errors="0">
  <testcase name="verifyContactPage" time="1.693" classname="com.crm.qa.testcases.HomePageTest"/>
  <testcase name="verifyDealsPage" time="1.812" classname="com.crm.qa.testcases.HomePageTest"/>
  <testcase name="verifyHomePageTitle" time="0.014" classname="com.crm.qa.testcases.HomePageTest"/>
  <testcase name="verifyTasksPage" time="1.661" classname="com.crm.qa.testcases.HomePageTest"/>
  <testcase name="verifyUserNamelabel" time="0.105" classname="com.crm.qa.testcases.HomePageTest"/>
</testsuite> <!-- Default test -->
