<?xml version="1.0" encoding="UTF-8"?>
<!-- Generated by org.testng.reporters.JUnitXMLReporter -->
<testsuite hostname="Sachins-MacBook-Air.local" ignored="0" name="Default test" tests="3" failures="0" timestamp="05 Dec 2017 13:33:09 GMT" time="29.112" errors="0">
  <testcase name="loginPageTitleTest" time="0.045" classname="com.crm.qa.testcases.LoginPageTest"/>
  <testcase name="crmLogoImageTest" time="0.095" classname="com.crm.qa.testcases.LoginPageTest"/>
  <testcase name="loginTest" time="7.994" classname="com.crm.qa.testcases.LoginPageTest"/>
</testsuite> <!-- Default test -->
