<?xml version="1.0" encoding="UTF-8"?>
<testng-results skipped="0" failed="0" ignored="0" total="5" passed="5">
  <reporter-output>
  </reporter-output>
  <suite name="Default suite" duration-ms="71736" started-at="2017-12-05T13:23:56Z" finished-at="2017-12-05T13:25:07Z">
    <groups>
    </groups>
    <test name="Default test" duration-ms="71736" started-at="2017-12-05T13:23:56Z" finished-at="2017-12-05T13:25:07Z">
      <class name="com.crm.qa.testcases.HomePageTest">
        <test-method status="PASS" signature="setUp()[pri:0, instance:com.crm.qa.testcases.HomePageTest@29ee9faa]" name="setUp" is-config="true" duration-ms="14008" started-at="2017-12-05T18:53:56Z" finished-at="2017-12-05T18:54:10Z">
          <reporter-output>
          </reporter-output>
        </test-method> <!-- setUp -->
        <test-method status="PASS" signature="verifyHomePageTitle()[pri:1, instance:com.crm.qa.testcases.HomePageTest@29ee9faa]" name="verifyHomePageTitle" duration-ms="35" started-at="2017-12-05T18:54:10Z" finished-at="2017-12-05T18:54:10Z">
          <reporter-output>
          </reporter-output>
        </test-method> <!-- verifyHomePageTitle -->
        <test-method status="PASS" signature="tearDown()[pri:0, instance:com.crm.qa.testcases.HomePageTest@29ee9faa]" name="tearDown" is-config="true" duration-ms="136" started-at="2017-12-05T18:54:10Z" finished-at="2017-12-05T18:54:10Z">
          <reporter-output>
          </reporter-output>
        </test-method> <!-- tearDown -->
        <test-method status="PASS" signature="setUp()[pri:0, instance:com.crm.qa.testcases.HomePageTest@29ee9faa]" name="setUp" is-config="true" duration-ms="11828" started-at="2017-12-05T18:54:10Z" finished-at="2017-12-05T18:54:22Z">
          <reporter-output>
          </reporter-output>
        </test-method> <!-- setUp -->
        <test-method status="PASS" signature="verifyUserNamelabel()[pri:2, instance:com.crm.qa.testcases.HomePageTest@29ee9faa]" name="verifyUserNamelabel" duration-ms="130" started-at="2017-12-05T18:54:22Z" finished-at="2017-12-05T18:54:22Z">
          <reporter-output>
          </reporter-output>
        </test-method> <!-- verifyUserNamelabel -->
        <test-method status="PASS" signature="tearDown()[pri:0, instance:com.crm.qa.testcases.HomePageTest@29ee9faa]" name="tearDown" is-config="true" duration-ms="160" started-at="2017-12-05T18:54:22Z" finished-at="2017-12-05T18:54:22Z">
          <reporter-output>
          </reporter-output>
        </test-method> <!-- tearDown -->
        <test-method status="PASS" signature="setUp()[pri:0, instance:com.crm.qa.testcases.HomePageTest@29ee9faa]" name="setUp" is-config="true" duration-ms="13591" started-at="2017-12-05T18:54:22Z" finished-at="2017-12-05T18:54:36Z">
          <reporter-output>
          </reporter-output>
        </test-method> <!-- setUp -->
        <test-method status="PASS" signature="verifyContactPage()[pri:3, instance:com.crm.qa.testcases.HomePageTest@29ee9faa]" name="verifyContactPage" duration-ms="1787" started-at="2017-12-05T18:54:36Z" finished-at="2017-12-05T18:54:37Z">
          <reporter-output>
          </reporter-output>
        </test-method> <!-- verifyContactPage -->
        <test-method status="PASS" signature="tearDown()[pri:0, instance:com.crm.qa.testcases.HomePageTest@29ee9faa]" name="tearDown" is-config="true" duration-ms="130" started-at="2017-12-05T18:54:37Z" finished-at="2017-12-05T18:54:37Z">
          <reporter-output>
          </reporter-output>
        </test-method> <!-- tearDown -->
        <test-method status="PASS" signature="setUp()[pri:0, instance:com.crm.qa.testcases.HomePageTest@29ee9faa]" name="setUp" is-config="true" duration-ms="13792" started-at="2017-12-05T18:54:37Z" finished-at="2017-12-05T18:54:51Z">
          <reporter-output>
          </reporter-output>
        </test-method> <!-- setUp -->
        <test-method status="PASS" signature="verifyDealsPage()[pri:4, instance:com.crm.qa.testcases.HomePageTest@29ee9faa]" name="verifyDealsPage" duration-ms="1692" started-at="2017-12-05T18:54:51Z" finished-at="2017-12-05T18:54:53Z">
          <reporter-output>
          </reporter-output>
        </test-method> <!-- verifyDealsPage -->
        <test-method status="PASS" signature="tearDown()[pri:0, instance:com.crm.qa.testcases.HomePageTest@29ee9faa]" name="tearDown" is-config="true" duration-ms="82" started-at="2017-12-05T18:54:53Z" finished-at="2017-12-05T18:54:53Z">
          <reporter-output>
          </reporter-output>
        </test-method> <!-- tearDown -->
        <test-method status="PASS" signature="setUp()[pri:0, instance:com.crm.qa.testcases.HomePageTest@29ee9faa]" name="setUp" is-config="true" duration-ms="12697" started-at="2017-12-05T18:54:53Z" finished-at="2017-12-05T18:55:06Z">
          <reporter-output>
          </reporter-output>
        </test-method> <!-- setUp -->
        <test-method status="PASS" signature="verifyTasksPage()[pri:5, instance:com.crm.qa.testcases.HomePageTest@29ee9faa]" name="verifyTasksPage" duration-ms="1539" started-at="2017-12-05T18:55:06Z" finished-at="2017-12-05T18:55:07Z">
          <reporter-output>
          </reporter-output>
        </test-method> <!-- verifyTasksPage -->
        <test-method status="PASS" signature="tearDown()[pri:0, instance:com.crm.qa.testcases.HomePageTest@29ee9faa]" name="tearDown" is-config="true" duration-ms="84" started-at="2017-12-05T18:55:07Z" finished-at="2017-12-05T18:55:07Z">
          <reporter-output>
          </reporter-output>
        </test-method> <!-- tearDown -->
      </class> <!-- com.crm.qa.testcases.HomePageTest -->
    </test> <!-- Default test -->
  </suite> <!-- Default suite -->
</testng-results>
