<?xml version="1.0" encoding="UTF-8"?>
<testng-results skipped="0" failed="0" ignored="0" total="8" passed="8">
  <reporter-output>
  </reporter-output>
  <suite name="CRM automation Test Suite" duration-ms="103344" started-at="2017-12-05T17:24:54Z" finished-at="2017-12-05T17:26:37Z">
    <groups>
    </groups>
    <test name="CRM test cases" duration-ms="103344" started-at="2017-12-05T17:24:54Z" finished-at="2017-12-05T17:26:37Z">
      <class name="com.crm.qa.testcases.HomePageTest">
        <test-method status="PASS" signature="setUp()[pri:0, instance:com.crm.qa.testcases.HomePageTest@59fa1d9b]" name="setUp" is-config="true" duration-ms="17519" started-at="2017-12-05T22:54:54Z" finished-at="2017-12-05T22:55:11Z">
          <reporter-output>
          </reporter-output>
        </test-method> <!-- setUp -->
        <test-method status="PASS" signature="verifyHomePageTitle()[pri:1, instance:com.crm.qa.testcases.HomePageTest@59fa1d9b]" name="verifyHomePageTitle" duration-ms="58" started-at="2017-12-05T22:55:11Z" finished-at="2017-12-05T22:55:11Z">
          <reporter-output>
          </reporter-output>
        </test-method> <!-- verifyHomePageTitle -->
        <test-method status="PASS" signature="tearDown()[pri:0, instance:com.crm.qa.testcases.HomePageTest@59fa1d9b]" name="tearDown" is-config="true" duration-ms="88" started-at="2017-12-05T22:55:11Z" finished-at="2017-12-05T22:55:11Z">
          <reporter-output>
          </reporter-output>
        </test-method> <!-- tearDown -->
        <test-method status="PASS" signature="setUp()[pri:0, instance:com.crm.qa.testcases.HomePageTest@59fa1d9b]" name="setUp" is-config="true" duration-ms="12915" started-at="2017-12-05T22:55:17Z" finished-at="2017-12-05T22:55:30Z">
          <reporter-output>
          </reporter-output>
        </test-method> <!-- setUp -->
        <test-method status="PASS" signature="verifyUserNamelabel()[pri:2, instance:com.crm.qa.testcases.HomePageTest@59fa1d9b]" name="verifyUserNamelabel" duration-ms="379" started-at="2017-12-05T22:55:30Z" finished-at="2017-12-05T22:55:31Z">
          <reporter-output>
          </reporter-output>
        </test-method> <!-- verifyUserNamelabel -->
        <test-method status="PASS" signature="tearDown()[pri:0, instance:com.crm.qa.testcases.HomePageTest@59fa1d9b]" name="tearDown" is-config="true" duration-ms="149" started-at="2017-12-05T22:55:31Z" finished-at="2017-12-05T22:55:31Z">
          <reporter-output>
          </reporter-output>
        </test-method> <!-- tearDown -->
        <test-method status="PASS" signature="setUp()[pri:0, instance:com.crm.qa.testcases.HomePageTest@59fa1d9b]" name="setUp" is-config="true" duration-ms="12835" started-at="2017-12-05T22:55:36Z" finished-at="2017-12-05T22:55:49Z">
          <reporter-output>
          </reporter-output>
        </test-method> <!-- setUp -->
        <test-method status="PASS" signature="verifyContactPage()[pri:3, instance:com.crm.qa.testcases.HomePageTest@59fa1d9b]" name="verifyContactPage" duration-ms="1732" started-at="2017-12-05T22:55:49Z" finished-at="2017-12-05T22:55:51Z">
          <reporter-output>
          </reporter-output>
        </test-method> <!-- verifyContactPage -->
        <test-method status="PASS" signature="tearDown()[pri:0, instance:com.crm.qa.testcases.HomePageTest@59fa1d9b]" name="tearDown" is-config="true" duration-ms="143" started-at="2017-12-05T22:55:51Z" finished-at="2017-12-05T22:55:51Z">
          <reporter-output>
          </reporter-output>
        </test-method> <!-- tearDown -->
        <test-method status="PASS" signature="setUp()[pri:0, instance:com.crm.qa.testcases.HomePageTest@59fa1d9b]" name="setUp" is-config="true" duration-ms="15139" started-at="2017-12-05T22:56:05Z" finished-at="2017-12-05T22:56:21Z">
          <reporter-output>
          </reporter-output>
        </test-method> <!-- setUp -->
        <test-method status="PASS" signature="verifyDealsPage()[pri:4, instance:com.crm.qa.testcases.HomePageTest@59fa1d9b]" name="verifyDealsPage" duration-ms="1914" started-at="2017-12-05T22:56:21Z" finished-at="2017-12-05T22:56:22Z">
          <reporter-output>
          </reporter-output>
        </test-method> <!-- verifyDealsPage -->
        <test-method status="PASS" signature="tearDown()[pri:0, instance:com.crm.qa.testcases.HomePageTest@59fa1d9b]" name="tearDown" is-config="true" duration-ms="88" started-at="2017-12-05T22:56:22Z" finished-at="2017-12-05T22:56:23Z">
          <reporter-output>
          </reporter-output>
        </test-method> <!-- tearDown -->
        <test-method status="PASS" signature="setUp()[pri:0, instance:com.crm.qa.testcases.HomePageTest@59fa1d9b]" name="setUp" is-config="true" duration-ms="12707" started-at="2017-12-05T22:56:23Z" finished-at="2017-12-05T22:56:35Z">
          <reporter-output>
          </reporter-output>
        </test-method> <!-- setUp -->
        <test-method status="PASS" signature="verifyTasksPage()[pri:5, instance:com.crm.qa.testcases.HomePageTest@59fa1d9b]" name="verifyTasksPage" duration-ms="1574" started-at="2017-12-05T22:56:35Z" finished-at="2017-12-05T22:56:37Z">
          <reporter-output>
          </reporter-output>
        </test-method> <!-- verifyTasksPage -->
        <test-method status="PASS" signature="tearDown()[pri:0, instance:com.crm.qa.testcases.HomePageTest@59fa1d9b]" name="tearDown" is-config="true" duration-ms="83" started-at="2017-12-05T22:56:37Z" finished-at="2017-12-05T22:56:37Z">
          <reporter-output>
          </reporter-output>
        </test-method> <!-- tearDown -->
      </class> <!-- com.crm.qa.testcases.HomePageTest -->
      <class name="com.crm.qa.testcases.LoginPageTest">
        <test-method status="PASS" signature="setUp()[pri:0, instance:com.crm.qa.testcases.LoginPageTest@28d25987]" name="setUp" is-config="true" duration-ms="5827" started-at="2017-12-05T22:55:11Z" finished-at="2017-12-05T22:55:17Z">
          <reporter-output>
          </reporter-output>
        </test-method> <!-- setUp -->
        <test-method status="PASS" signature="loginPageTitleTest()[pri:1, instance:com.crm.qa.testcases.LoginPageTest@28d25987]" name="loginPageTitleTest" duration-ms="11" started-at="2017-12-05T22:55:17Z" finished-at="2017-12-05T22:55:17Z">
          <reporter-output>
          </reporter-output>
        </test-method> <!-- loginPageTitleTest -->
        <test-method status="PASS" signature="tearDown()[pri:0, instance:com.crm.qa.testcases.LoginPageTest@28d25987]" name="tearDown" is-config="true" duration-ms="79" started-at="2017-12-05T22:55:17Z" finished-at="2017-12-05T22:55:17Z">
          <reporter-output>
          </reporter-output>
        </test-method> <!-- tearDown -->
        <test-method status="PASS" signature="setUp()[pri:0, instance:com.crm.qa.testcases.LoginPageTest@28d25987]" name="setUp" is-config="true" duration-ms="5169" started-at="2017-12-05T22:55:31Z" finished-at="2017-12-05T22:55:36Z">
          <reporter-output>
          </reporter-output>
        </test-method> <!-- setUp -->
        <test-method status="PASS" signature="crmLogoImageTest()[pri:2, instance:com.crm.qa.testcases.LoginPageTest@28d25987]" name="crmLogoImageTest" duration-ms="56" started-at="2017-12-05T22:55:36Z" finished-at="2017-12-05T22:55:36Z">
          <reporter-output>
          </reporter-output>
        </test-method> <!-- crmLogoImageTest -->
        <test-method status="PASS" signature="tearDown()[pri:0, instance:com.crm.qa.testcases.LoginPageTest@28d25987]" name="tearDown" is-config="true" duration-ms="83" started-at="2017-12-05T22:55:36Z" finished-at="2017-12-05T22:55:36Z">
          <reporter-output>
          </reporter-output>
        </test-method> <!-- tearDown -->
        <test-method status="PASS" signature="setUp()[pri:0, instance:com.crm.qa.testcases.LoginPageTest@28d25987]" name="setUp" is-config="true" duration-ms="6437" started-at="2017-12-05T22:55:51Z" finished-at="2017-12-05T22:55:57Z">
          <reporter-output>
          </reporter-output>
        </test-method> <!-- setUp -->
        <test-method status="PASS" signature="loginTest()[pri:3, instance:com.crm.qa.testcases.LoginPageTest@28d25987]" name="loginTest" duration-ms="8218" started-at="2017-12-05T22:55:57Z" finished-at="2017-12-05T22:56:05Z">
          <reporter-output>
          </reporter-output>
        </test-method> <!-- loginTest -->
        <test-method status="PASS" signature="tearDown()[pri:0, instance:com.crm.qa.testcases.LoginPageTest@28d25987]" name="tearDown" is-config="true" duration-ms="85" started-at="2017-12-05T22:56:05Z" finished-at="2017-12-05T22:56:05Z">
          <reporter-output>
          </reporter-output>
        </test-method> <!-- tearDown -->
      </class> <!-- com.crm.qa.testcases.LoginPageTest -->
    </test> <!-- CRM test cases -->
  </suite> <!-- CRM automation Test Suite -->
</testng-results>
